This is pdfTeX, Version 3.14159265-2.6-1.40.19 (TeX Live 2018) (preloaded format=pdflatex 2019.3.25)  26 MAY 2019 16:07
entering extended mode
 \write18 enabled.
 %&-line parsing enabled.
**trab5.tex
(./trab5.tex
LaTeX2e <2018-04-01> patch level 5
(/usr/share/texlive/texmf-dist/tex/latex/base/article.cls
Document Class: article 2014/09/29 v1.4h Standard LaTeX document class
(/usr/share/texlive/texmf-dist/tex/latex/base/size11.clo
File: size11.clo 2014/09/29 v1.4h Standard LaTeX file (size option)
)
\c@part=\count80
\c@section=\count81
\c@subsection=\count82
\c@subsubsection=\count83
\c@paragraph=\count84
\c@subparagraph=\count85
\c@figure=\count86
\c@table=\count87
\abovecaptionskip=\skip41
\belowcaptionskip=\skip42
\bibindent=\dimen102
)
(/usr/share/texlive/texmf-dist/tex/latex/base/inputenc.sty
Package: inputenc 2018/04/06 v1.3b Input encoding file
\inpenc@prehook=\toks14
\inpenc@posthook=\toks15
)
(/usr/share/texlive/texmf-dist/tex/generic/babel/babel.sty
Package: babel 2018/06/05 3.22 The Babel package

(/usr/share/texlive/texmf-dist/tex/generic/babel/switch.def
File: switch.def 2018/06/05 3.22 Babel switching mechanism
)
(/usr/share/texlive/texmf-dist/tex/generic/babel-portuges/portuges.ldf
Language: portuges 2008/03/18 v1.2q Portuguese support from the babel system

(/usr/share/texlive/texmf-dist/tex/generic/babel/babel.def
File: babel.def 2018/06/05 3.22 Babel common definitions
\babel@savecnt=\count88
\U@D=\dimen103

(/usr/share/texlive/texmf-dist/tex/generic/babel/txtbabel.def)
\bbl@dirlevel=\count89
)
Package babel Info: Making " an active character on input line 145.
))
(/usr/share/texlive/texmf-dist/tex/latex/a4wide/a4wide.sty
Package: a4wide 1994/08/30

(/usr/share/texlive/texmf-dist/tex/latex/ntgclass/a4.sty
Package: a4 2004/04/15 v1.2g A4 based page layout
))
(/usr/share/texlive/texmf-dist/tex/latex/graphics/color.sty
Package: color 2016/07/10 v1.1e Standard LaTeX Color (DPC)

(/usr/share/texlive/texmf-dist/tex/latex/graphics-cfg/color.cfg
File: color.cfg 2016/01/02 v1.6 sample color configuration
)
Package color Info: Driver file: pdftex.def on input line 147.

(/usr/share/texlive/texmf-dist/tex/latex/graphics-def/pdftex.def
File: pdftex.def 2018/01/08 v1.0l Graphics/color driver for pdftex
))
(/usr/share/texlive/texmf-dist/tex/generic/dvips/colordvi.sty)
(/usr/share/texlive/texmf-dist/tex/generic/epsf/epsf.sty
This is `epsf.tex' v2.7.4 <14 February 2011>
\epsffilein=\read1
\epsfframemargin=\dimen104
\epsfframethickness=\dimen105
\epsfrsize=\dimen106
\epsftmp=\dimen107
\epsftsize=\dimen108
\epsfxsize=\dimen109
\epsfysize=\dimen110
\pspoints=\dimen111
) (/usr/share/texlive/texmf-dist/tex/latex/graphics/epsfig.sty
Package: epsfig 2017/06/25 v1.7b (e)psfig emulation (SPQR)

(/usr/share/texlive/texmf-dist/tex/latex/graphics/graphicx.sty
Package: graphicx 2017/06/01 v1.1a Enhanced LaTeX Graphics (DPC,SPQR)

(/usr/share/texlive/texmf-dist/tex/latex/graphics/keyval.sty
Package: keyval 2014/10/28 v1.15 key=value parser (DPC)
\KV@toks@=\toks16
)
(/usr/share/texlive/texmf-dist/tex/latex/graphics/graphics.sty
Package: graphics 2017/06/25 v1.2c Standard LaTeX Graphics (DPC,SPQR)

(/usr/share/texlive/texmf-dist/tex/latex/graphics/trig.sty
Package: trig 2016/01/03 v1.10 sin cos tan (DPC)
)
(/usr/share/texlive/texmf-dist/tex/latex/graphics-cfg/graphics.cfg
File: graphics.cfg 2016/06/04 v1.11 sample graphics configuration
)
Package graphics Info: Driver file: pdftex.def on input line 99.
)
\Gin@req@height=\dimen112
\Gin@req@width=\dimen113
)
\epsfxsize=\dimen114
\epsfysize=\dimen115
)
(/usr/share/texlive/texmf-dist/tex/latex/amsmath/amsmath.sty
Package: amsmath 2017/09/02 v2.17a AMS math features
\@mathmargin=\skip43

For additional information on amsmath, use the `?' option.
(/usr/share/texlive/texmf-dist/tex/latex/amsmath/amstext.sty
Package: amstext 2000/06/29 v2.01 AMS text

(/usr/share/texlive/texmf-dist/tex/latex/amsmath/amsgen.sty
File: amsgen.sty 1999/11/30 v2.0 generic functions
\@emptytoks=\toks17
\ex@=\dimen116
))
(/usr/share/texlive/texmf-dist/tex/latex/amsmath/amsbsy.sty
Package: amsbsy 1999/11/29 v1.2d Bold Symbols
\pmbraise@=\dimen117
)
(/usr/share/texlive/texmf-dist/tex/latex/amsmath/amsopn.sty
Package: amsopn 2016/03/08 v2.02 operator names
)
\inf@bad=\count90
LaTeX Info: Redefining \frac on input line 213.
\uproot@=\count91
\leftroot@=\count92
LaTeX Info: Redefining \overline on input line 375.
\classnum@=\count93
\DOTSCASE@=\count94
LaTeX Info: Redefining \ldots on input line 472.
LaTeX Info: Redefining \dots on input line 475.
LaTeX Info: Redefining \cdots on input line 596.
\Mathstrutbox@=\box26
\strutbox@=\box27
\big@size=\dimen118
LaTeX Font Info:    Redeclaring font encoding OML on input line 712.
LaTeX Font Info:    Redeclaring font encoding OMS on input line 713.
\macc@depth=\count95
\c@MaxMatrixCols=\count96
\dotsspace@=\muskip10
\c@parentequation=\count97
\dspbrk@lvl=\count98
\tag@help=\toks18
\row@=\count99
\column@=\count100
\maxfields@=\count101
\andhelp@=\toks19
\eqnshift@=\dimen119
\alignsep@=\dimen120
\tagshift@=\dimen121
\tagwidth@=\dimen122
\totwidth@=\dimen123
\lineht@=\dimen124
\@envbody=\toks20
\multlinegap=\skip44
\multlinetaggap=\skip45
\mathdisplay@stack=\toks21
LaTeX Info: Redefining \[ on input line 2817.
LaTeX Info: Redefining \] on input line 2818.
)
(/usr/share/texlive/texmf-dist/tex/latex/amsfonts/amsfonts.sty
Package: amsfonts 2013/01/14 v3.01 Basic AMSFonts support
\symAMSa=\mathgroup4
\symAMSb=\mathgroup5
LaTeX Font Info:    Overwriting math alphabet `\mathfrak' in version `bold'
(Font)                  U/euf/m/n --> U/euf/b/n on input line 106.
)
(/usr/share/texlive/texmf-dist/tex/latex/tools/enumerate.sty
Package: enumerate 2015/07/23 v3.00 enumerate extensions (DPC)
\@enLab=\toks22
) (./trab5.aux)
\openout1 = `trab5.aux'.

LaTeX Font Info:    Checking defaults for OML/cmm/m/it on input line 16.
LaTeX Font Info:    ... okay on input line 16.
LaTeX Font Info:    Checking defaults for T1/cmr/m/n on input line 16.
LaTeX Font Info:    ... okay on input line 16.
LaTeX Font Info:    Checking defaults for OT1/cmr/m/n on input line 16.
LaTeX Font Info:    ... okay on input line 16.
LaTeX Font Info:    Checking defaults for OMS/cmsy/m/n on input line 16.
LaTeX Font Info:    ... okay on input line 16.
LaTeX Font Info:    Checking defaults for OMX/cmex/m/n on input line 16.
LaTeX Font Info:    ... okay on input line 16.
LaTeX Font Info:    Checking defaults for U/cmr/m/n on input line 16.
LaTeX Font Info:    ... okay on input line 16.

(/usr/share/texlive/texmf-dist/tex/context/base/mkii/supp-pdf.mkii
[Loading MPS to PDF converter (version 2006.09.02).]
\scratchcounter=\count102
\scratchdimen=\dimen125
\scratchbox=\box28
\nofMPsegments=\count103
\nofMParguments=\count104
\everyMPshowfont=\toks23
\MPscratchCnt=\count105
\MPscratchDim=\dimen126
\MPnumerator=\count106
\makeMPintoPDFobject=\count107
\everyMPtoPDFconversion=\toks24
) (/usr/share/texlive/texmf-dist/tex/latex/oberdiek/epstopdf-base.sty
Package: epstopdf-base 2016/05/15 v2.6 Base part for package epstopdf

(/usr/share/texlive/texmf-dist/tex/generic/oberdiek/infwarerr.sty
Package: infwarerr 2016/05/16 v1.4 Providing info/warning/error messages (HO)
)
(/usr/share/texlive/texmf-dist/tex/latex/oberdiek/grfext.sty
Package: grfext 2016/05/16 v1.2 Manage graphics extensions (HO)

(/usr/share/texlive/texmf-dist/tex/generic/oberdiek/kvdefinekeys.sty
Package: kvdefinekeys 2016/05/16 v1.4 Define keys (HO)

(/usr/share/texlive/texmf-dist/tex/generic/oberdiek/ltxcmds.sty
Package: ltxcmds 2016/05/16 v1.23 LaTeX kernel commands for general use (HO)
)))
(/usr/share/texlive/texmf-dist/tex/latex/oberdiek/kvoptions.sty
Package: kvoptions 2016/05/16 v3.12 Key value format for package options (HO)

(/usr/share/texlive/texmf-dist/tex/generic/oberdiek/kvsetkeys.sty
Package: kvsetkeys 2016/05/16 v1.17 Key value parser (HO)

(/usr/share/texlive/texmf-dist/tex/generic/oberdiek/etexcmds.sty
Package: etexcmds 2016/05/16 v1.6 Avoid name clashes with e-TeX commands (HO)

(/usr/share/texlive/texmf-dist/tex/generic/oberdiek/ifluatex.sty
Package: ifluatex 2016/05/16 v1.4 Provides the ifluatex switch (HO)
Package ifluatex Info: LuaTeX not detected.
)
Package etexcmds Info: Could not find \expanded.
(etexcmds)             That can mean that you are not using pdfTeX 1.50 or
(etexcmds)             that some package has redefined \expanded.
(etexcmds)             In the latter case, load this package earlier.
)))
(/usr/share/texlive/texmf-dist/tex/generic/oberdiek/pdftexcmds.sty
Package: pdftexcmds 2018/01/30 v0.27 Utility functions of pdfTeX for LuaTeX (HO
)

(/usr/share/texlive/texmf-dist/tex/generic/oberdiek/ifpdf.sty
Package: ifpdf 2017/03/15 v3.2 Provides the ifpdf switch
)
Package pdftexcmds Info: LuaTeX not detected.
Package pdftexcmds Info: \pdf@primitive is available.
Package pdftexcmds Info: \pdf@ifprimitive is available.
Package pdftexcmds Info: \pdfdraftmode found.
)
Package epstopdf-base Info: Redefining graphics rule for `.eps' on input line 4
38.
Package grfext Info: Graphics extension search list:
(grfext)             [.pdf,.png,.jpg,.mps,.jpeg,.jbig2,.jb2,.PDF,.PNG,.JPG,.JPE
G,.JBIG2,.JB2,.eps]
(grfext)             \AppendGraphicsExtensions on input line 456.

(/usr/share/texlive/texmf-dist/tex/latex/latexconfig/epstopdf-sys.cfg
File: epstopdf-sys.cfg 2010/07/13 v1.3 Configuration of (r)epstopdf for TeX Liv
e
))
LaTeX Font Info:    Try loading font information for U+msa on input line 21.

(/usr/share/texlive/texmf-dist/tex/latex/amsfonts/umsa.fd
File: umsa.fd 2013/01/14 v3.01 AMS symbols A
)
LaTeX Font Info:    Try loading font information for U+msb on input line 21.

(/usr/share/texlive/texmf-dist/tex/latex/amsfonts/umsb.fd
File: umsb.fd 2013/01/14 v3.01 AMS symbols B
)
Package epstopdf Info: Source file: <../imgs/zelda.eps>
(epstopdf)                    date: 2019-05-26 15:37:25
(epstopdf)                    size: 623983 bytes
(epstopdf)             Output file: <../imgs/zelda-eps-converted-to.pdf>
(epstopdf)                    date: 2019-05-15 18:42:24
(epstopdf)                    size: 37784 bytes
(epstopdf)             Command: <epstopdf --outfile=../imgs/zelda-eps-converted
-to.pdf ../imgs/zelda.eps>
(epstopdf)             \includegraphics on input line 39.
runsystem(epstopdf --outfile=../imgs/zelda-eps-converted-to.pdf ../imgs/zelda.e
ps)...executed.

Package epstopdf Info: Result file: <../imgs/zelda-eps-converted-to.pdf>
(epstopdf)                    date: 2019-05-26 16:07:20
(epstopdf)                    size: 37789 bytes.


pdfTeX warning: /usr/bin/pdflatex (file ../imgs/zelda-eps-converted-to.pdf): PD
F inclusion: found PDF version <1.7>, but at most version <1.5> allowed
<../imgs/zelda-eps-converted-to.pdf, id=1, 288.07625pt x 227.85126pt>
File: ../imgs/zelda-eps-converted-to.pdf Graphic file (type pdf)
<use ../imgs/zelda-eps-converted-to.pdf>
Package pdftex.def Info: ../imgs/zelda-eps-converted-to.pdf  used on input line
 39.
(pdftex.def)             Requested size: 288.07553pt x 227.8507pt.
Package epstopdf Info: Source file: <../imgs/zelda_sub.eps>
(epstopdf)                    date: 2019-05-26 15:37:25
(epstopdf)                    size: 157676 bytes
(epstopdf)             Output file: <../imgs/zelda_sub-eps-converted-to.pdf>
(epstopdf)                    date: 2019-05-15 18:42:24
(epstopdf)                    size: 14523 bytes
(epstopdf)             Command: <epstopdf --outfile=../imgs/zelda_sub-eps-conve
rted-to.pdf ../imgs/zelda_sub.eps>
(epstopdf)             \includegraphics on input line 45.
runsystem(epstopdf --outfile=../imgs/zelda_sub-eps-converted-to.pdf ../imgs/zel
da_sub.eps)...executed.

Package epstopdf Info: Result file: <../imgs/zelda_sub-eps-converted-to.pdf>
(epstopdf)                    date: 2019-05-26 16:07:20
(epstopdf)                    size: 14526 bytes.


pdfTeX warning: /usr/bin/pdflatex (file ../imgs/zelda_sub-eps-converted-to.pdf)
: PDF inclusion: found PDF version <1.7>, but at most version <1.5> allowed
<../imgs/zelda_sub-eps-converted-to.pdf, id=2, 155.58125pt x 123.46124pt>
File: ../imgs/zelda_sub-eps-converted-to.pdf Graphic file (type pdf)
<use ../imgs/zelda_sub-eps-converted-to.pdf>
Package pdftex.def Info: ../imgs/zelda_sub-eps-converted-to.pdf  used on input 
line 45.
(pdftex.def)             Requested size: 155.58086pt x 123.46092pt.
Package epstopdf Info: Source file: <./blocks_div.eps>
(epstopdf)                    date: 2015-10-02 13:05:14
(epstopdf)                    size: 91340 bytes
(epstopdf)             Output file: <./blocks_div-eps-converted-to.pdf>
(epstopdf)                    date: 2019-05-13 18:53:50
(epstopdf)                    size: 14054 bytes
(epstopdf)             Command: <epstopdf --outfile=./blocks_div-eps-converted-
to.pdf ./blocks_div.eps>
(epstopdf)             \includegraphics on input line 59.
Package epstopdf Info: Output file is already uptodate.


pdfTeX warning: /usr/bin/pdflatex (file ./blocks_div-eps-converted-to.pdf): PDF
 inclusion: found PDF version <1.7>, but at most version <1.5> allowed
<./blocks_div-eps-converted-to.pdf, id=3, 599.23875pt x 411.5375pt>
File: ./blocks_div-eps-converted-to.pdf Graphic file (type pdf)
<use ./blocks_div-eps-converted-to.pdf>
Package pdftex.def Info: ./blocks_div-eps-converted-to.pdf  used on input line 
59.
(pdftex.def)             Requested size: 341.43306pt x 234.49089pt.
[1

{/usr/share/texlive/texmf-dist/fonts/map/pdftex/updmap/pdftex.map}]

LaTeX Warning: `!h' float specifier changed to `!ht'.

Package epstopdf Info: Source file: <../imgs/zelda_subs.eps>
(epstopdf)                    date: 2019-05-26 15:37:25
(epstopdf)                    size: 853236 bytes
(epstopdf)             Output file: <../imgs/zelda_subs-eps-converted-to.pdf>
(epstopdf)                    date: 2019-05-15 18:42:25
(epstopdf)                    size: 28788 bytes
(epstopdf)             Command: <epstopdf --outfile=../imgs/zelda_subs-eps-conv
erted-to.pdf ../imgs/zelda_subs.eps>
(epstopdf)             \includegraphics on input line 70.
runsystem(epstopdf --outfile=../imgs/zelda_subs-eps-converted-to.pdf ../imgs/ze
lda_subs.eps)...executed.

Package epstopdf Info: Result file: <../imgs/zelda_subs-eps-converted-to.pdf>
(epstopdf)                    date: 2019-05-26 16:07:21
(epstopdf)                    size: 28794 bytes.


pdfTeX warning: /usr/bin/pdflatex (file ../imgs/zelda_subs-eps-converted-to.pdf
): PDF inclusion: found PDF version <1.7>, but at most version <1.5> allowed
<../imgs/zelda_subs-eps-converted-to.pdf, id=18, 462.72874pt x 346.29375pt>
File: ../imgs/zelda_subs-eps-converted-to.pdf Graphic file (type pdf)
<use ../imgs/zelda_subs-eps-converted-to.pdf>
Package pdftex.def Info: ../imgs/zelda_subs-eps-converted-to.pdf  used on input
 line 70.
(pdftex.def)             Requested size: 462.72762pt x 346.2929pt.

Overfull \hbox (20.07387pt too wide) in paragraph at lines 70--71
 [][] 
 []

[2 <../imgs/zelda-eps-converted-to.pdf> <../imgs/zelda_sub-eps-converted-to.pdf
>] [3 <./blocks_div-eps-converted-to.pdf>] [4 <../imgs/zelda_subs-eps-converted
-to.pdf>]
Overfull \hbox (7.93126pt too wide) in paragraph at lines 122--123
[]\OT1/cmr/m/n/10.95 A fun^^Xc~ao feita est^^Sa no \OT1/cmr/m/it/10.95 script \
OT1/cmtt/m/n/10.95 funcs5.py \OT1/cmr/m/n/10.95 e sua im-ple-menta^^Xc~ao ^^Se 
re-a-li-zada em \OT1/cmtt/m/n/10.95 52$[]$contin.py 
 []

Package epstopdf Info: Source file: <../imgs/zelda_subsm.eps>
(epstopdf)                    date: 2019-05-15 20:31:21
(epstopdf)                    size: 853160 bytes
(epstopdf)             Output file: <../imgs/zelda_subsm-eps-converted-to.pdf>
(epstopdf)                    date: 2019-05-15 20:35:18
(epstopdf)                    size: 28316 bytes
(epstopdf)             Command: <epstopdf --outfile=../imgs/zelda_subsm-eps-con
verted-to.pdf ../imgs/zelda_subsm.eps>
(epstopdf)             \includegraphics on input line 126.
Package epstopdf Info: Output file is already uptodate.


pdfTeX warning: /usr/bin/pdflatex (file ../imgs/zelda_subsm-eps-converted-to.pd
f): PDF inclusion: found PDF version <1.7>, but at most version <1.5> allowed
<../imgs/zelda_subsm-eps-converted-to.pdf, id=81, 462.72874pt x 346.29375pt>
File: ../imgs/zelda_subsm-eps-converted-to.pdf Graphic file (type pdf)
<use ../imgs/zelda_subsm-eps-converted-to.pdf>
Package pdftex.def Info: ../imgs/zelda_subsm-eps-converted-to.pdf  used on inpu
t line 126.
(pdftex.def)             Requested size: 462.72762pt x 346.2929pt.

Overfull \hbox (20.07387pt too wide) in paragraph at lines 126--127
 [][] 
 []

[5 <../imgs/zelda_subsm-eps-converted-to.pdf>]
Overfull \hbox (8.5825pt too wide) detected at line 147
\OML/cmm/m/it/9 F\OT1/cmr/m/n/9 (\OML/cmm/m/it/9 m; n\OT1/cmr/m/n/9 ) \OMS/cmsy
/m/n/9 ^^C \OML/cmm/m/it/9 G\OT1/cmr/m/n/9 (\OML/cmm/m/it/9 m; n\OT1/cmr/m/n/9 
) = \OML/cmm/m/it/9 G\OT1/cmr/m/n/9 (\OML/cmm/m/it/9 m; n\OT1/cmr/m/n/9 ) \OMS/
cmsy/m/n/9 ^^C \OML/cmm/m/it/9 F\OT1/cmr/m/n/9 (\OML/cmm/m/it/9 m; n\OT1/cmr/m/
n/9 ) = [] [] \OML/cmm/m/it/9 F\OT1/cmr/m/n/9 (\OML/cmm/m/it/9 k; l\OT1/cmr/m/n
/9 )\OML/cmm/m/it/9 G\OT1/cmr/m/n/9 (\OML/cmm/m/it/9 m \OMS/cmsy/m/n/9 ^^@ \OML
/cmm/m/it/9 k; n \OMS/cmsy/m/n/9 ^^@ \OML/cmm/m/it/9 l\OT1/cmr/m/n/9 ) = [] [] 
\OML/cmm/m/it/9 G\OT1/cmr/m/n/9 (\OML/cmm/m/it/9 k; l\OT1/cmr/m/n/9 )\OML/cmm/m
/it/9 G\OT1/cmr/m/n/9 (\OML/cmm/m/it/9 m \OMS/cmsy/m/n/9 ^^@ \OML/cmm/m/it/9 k;
 n \OMS/cmsy/m/n/9 ^^@ \OML/cmm/m/it/9 l\OT1/cmr/m/n/9 )\OML/cmm/m/it/9 :
 []

[6] (./trab5.aux) ) 
Here is how much of TeX's memory you used:
 3078 strings out of 492701
 42106 string characters out of 6134504
 133031 words of memory out of 5000000
 6866 multiletter control sequences out of 15000+600000
 14697 words of font info for 57 fonts, out of 8000000 for 9000
 1137 hyphenation exceptions out of 8191
 41i,8n,25p,860b,373s stack positions out of 5000i,500n,10000p,200000b,80000s
</usr/share/texlive/texmf-dist/fonts/type1/public/amsfonts/c
m/cmbx10.pfb></usr/share/texlive/texmf-dist/fonts/type1/public/amsfonts/cm/cmbx
12.pfb></usr/share/texlive/texmf-dist/fonts/type1/public/amsfonts/cm/cmex10.pfb
></usr/share/texlive/texmf-dist/fonts/type1/public/amsfonts/cmextra/cmex7.pfb><
/usr/share/texlive/texmf-dist/fonts/type1/public/amsfonts/cmextra/cmex9.pfb></u
sr/share/texlive/texmf-dist/fonts/type1/public/amsfonts/cm/cmmi10.pfb></usr/sha
re/texlive/texmf-dist/fonts/type1/public/amsfonts/cm/cmmi12.pfb></usr/share/tex
live/texmf-dist/fonts/type1/public/amsfonts/cm/cmmi5.pfb></usr/share/texlive/te
xmf-dist/fonts/type1/public/amsfonts/cm/cmmi6.pfb></usr/share/texlive/texmf-dis
t/fonts/type1/public/amsfonts/cm/cmmi8.pfb></usr/share/texlive/texmf-dist/fonts
/type1/public/amsfonts/cm/cmmi9.pfb></usr/share/texlive/texmf-dist/fonts/type1/
public/amsfonts/cm/cmr10.pfb></usr/share/texlive/texmf-dist/fonts/type1/public/
amsfonts/cm/cmr12.pfb></usr/share/texlive/texmf-dist/fonts/type1/public/amsfont
s/cm/cmr17.pfb></usr/share/texlive/texmf-dist/fonts/type1/public/amsfonts/cm/cm
r5.pfb></usr/share/texlive/texmf-dist/fonts/type1/public/amsfonts/cm/cmr6.pfb><
/usr/share/texlive/texmf-dist/fonts/type1/public/amsfonts/cm/cmr8.pfb></usr/sha
re/texlive/texmf-dist/fonts/type1/public/amsfonts/cm/cmr9.pfb></usr/share/texli
ve/texmf-dist/fonts/type1/public/amsfonts/cm/cmss10.pfb></usr/share/texlive/tex
mf-dist/fonts/type1/public/amsfonts/cm/cmsy10.pfb></usr/share/texlive/texmf-dis
t/fonts/type1/public/amsfonts/cm/cmsy5.pfb></usr/share/texlive/texmf-dist/fonts
/type1/public/amsfonts/cm/cmsy6.pfb></usr/share/texlive/texmf-dist/fonts/type1/
public/amsfonts/cm/cmsy9.pfb></usr/share/texlive/texmf-dist/fonts/type1/public/
amsfonts/cm/cmti10.pfb></usr/share/texlive/texmf-dist/fonts/type1/public/amsfon
ts/cm/cmtt10.pfb></usr/share/texlive/texmf-dist/fonts/type1/public/amsfonts/lat
xfont/line10.pfb></usr/share/texlive/texmf-dist/fonts/type1/public/amsfonts/sym
bols/msbm10.pfb>
Output written on trab5.pdf (6 pages, 359488 bytes).
PDF statistics:
 191 PDF objects out of 1000 (max. 8388607)
 120 compressed objects within 2 object streams
 0 named destinations out of 1000 (max. 500000)
 26 words of extra memory for PDF output out of 10000 (max. 10000000)

